1617030373620	geckodriver	INFO	Listening on 127.0.0.1:53313
1617030376665	mozrunner::runner	INFO	Running command: "C:\\Program Files\\Mozilla Firefox\\firefox.exe" "--marionette" "-foreground" "-no-remote" "-profile" "C:\\Users\\Game\\AppData\\Local\\Temp\\rust_mozprofile6JygLa"
JavaScript error: resource://gre/modules/XULStore.jsm, line 66: Error: Can't find profile directory.
console.warn: SearchSettings: "get: No settings file exists, new profile?" (new Error("", "(unknown module)"))
1617030379085	Marionette	INFO	Listening on port 53325
1617030379306	Marionette	WARN	TLS certificate errors will be ignored for this session
1617030384552	Marionette	INFO	Stopped listening on port 53325

###!!! [Child][RunMessage] Error: Channel closing: too late to send/recv, messages will be lost


###!!! [Child][MessageChannel::SendAndWait] Error: Channel error: cannot send/recv

1617030395894	geckodriver	INFO	Listening on 127.0.0.1:53408
1617030398912	mozrunner::runner	INFO	Running command: "C:\\Program Files\\Mozilla Firefox\\firefox.exe" "--marionette" "-foreground" "-no-remote" "-profile" "C:\\Users\\Game\\AppData\\Local\\Temp\\rust_mozprofiledKOgO8"
console.warn: SearchSettings: "get: No settings file exists, new profile?" (new Error("", "(unknown module)"))
JavaScript error: resource://gre/modules/XULStore.jsm, line 66: Error: Can't find profile directory.
1617030401029	Marionette	INFO	Listening on port 53420
1617030401546	Marionette	WARN	TLS certificate errors will be ignored for this session
1617030408127	Marionette	INFO	Stopped listening on port 53420

###!!! [Child][RunMessage] Error: Channel closing: too late to send/recv, messages will be lost


###!!! [Child][MessageChannel::SendAndWait] Error: Channel error: cannot send/recv

1617030409007	geckodriver	INFO	Listening on 127.0.0.1:53504
1617030412017	mozrunner::runner	INFO	Running command: "C:\\Program Files\\Mozilla Firefox\\firefox.exe" "--marionette" "-foreground" "-no-remote" "-profile" "C:\\Users\\Game\\AppData\\Local\\Temp\\rust_mozprofilefnW4cu"
console.warn: SearchSettings: "get: No settings file exists, new profile?" (new Error("", "(unknown module)"))
JavaScript error: resource://gre/modules/XULStore.jsm, line 66: Error: Can't find profile directory.
1617030413911	Marionette	INFO	Listening on port 53515
1617030414052	Marionette	WARN	TLS certificate errors will be ignored for this session
[Child 11440, Chrome_ChildThread] WARNING: pipe error: 232: file /builds/worker/checkouts/gecko/ipc/chromium/src/chrome/common/ipc_channel_win.cc:545
1617030460877	Marionette	INFO	Stopped listening on port 53515

###!!! [Child][RunMessage] Error: Channel closing: too late to send/recv, messages will be lost


###!!! [Child][MessageChannel::SendAndWait] Error: Channel error: cannot send/recv

error: resource://gre/modules/XULStore.jsm, line 66: Error: Can't find profile directory.
1617030421921	Marionette	INFO	Listening on port 53591
1617030422140	Marionette	WARN	TLS certificate errors will be ignored for this session
1617030461491	Marionette	INFO	Stopped listening on port 53591

###!!! [Child][MessageChannel::SendAndWait] Error: Channel error: cannot send/recv

1617030467815	geckodriver	INFO	Listening on 127.0.0.1:53719
1617030470834	mozrunner::runner	INFO	Running command: "C:\\Program Files\\Mozilla Firefox\\firefox.exe" "--marionette" "-foreground" "-no-remote" "-profile" "C:\\Users\\Game\\AppData\\Local\\Temp\\rust_mozprofileWYyrjS"
console.warn: SearchSettings: "get: No settings file exists, new profile?" (new Error("", "(unknown module)"))
JavaScript error: resource://gre/modules/XULStore.jsm, line 66: Error: Can't find profile directory.
1617030472762	Marionette	INFO	Listening on port 53732
1617030472865	Marionette	WARN	TLS certificate errors will be ignored for this session
1617030477512	Marionette	INFO	Stopped listening on port 53732

###!!! [Child][RunMessage] Error: Channel closing: too late to send/recv, messages will be lost


###!!! [Child][MessageChannel::SendAndWait] Error: Channel error: cannot send/recv

1617030478258	geckodriver	INFO	Listening on 127.0.0.1:53797
1617030481271	mozrunner::runner	INFO	Running command: "C:\\Program Files\\Mozilla Firefox\\firefox.exe" "--marionette" "-foreground" "-no-remote" "-profile" "C:\\Users\\Game\\AppData\\Local\\Temp\\rust_mozprofileKYTgmq"
console.warn: SearchSettings: "get: No settings file exists, new profile?" (new Error("", "(unknown module)"))
JavaScript error: resource://gre/modules/XULStore.jsm, line 66: Error: Can't find profile directory.
1617030483192	Marionette	INFO	Listening on port 53808
1617030483306	Marionette	WARN	TLS certificate errors will be ignored for this session
1617030530026	Marionette	INFO	Stopped listening on port 53808

###!!! [Child][RunMessage] Error: Channel closing: too late to send/recv, messages will be lost


###!!! [Child][MessageChannel::SendAndWait] Error: Channel error: cannot send/recv

emp\\rust_mozprofile1mdihs"
console.warn: SearchSettings: "get: No settings file exists, new profile?" (new Error("", "(unknown module)"))
JavaScript error: resource://gre/modules/XULStore.jsm, line 66: Error: Can't find profile directory.
1617030491193	Marionette	INFO	Listening on port 53886
1617030491387	Marionette	WARN	TLS certificate errors will be ignored for this session
1617030530721	Marionette	INFO	Stopped listening on port 53886

###!!! [Child][RunMessage] Error: Channel closing: too late to send/recv, messages will be lost


###!!! [Child][MessageChannel::SendAndWait] Error: Channel error: cannot send/recv

1617030537459	geckodriver	INFO	Listening on 127.0.0.1:54010
1617030540508	mozrunner::runner	INFO	Running command: "C:\\Program Files\\Mozilla Firefox\\firefox.exe" "--marionette" "-foreground" "-no-remote" "-profile" "C:\\Users\\Game\\AppData\\Local\\Temp\\rust_mozprofilej7P6vi"
console.warn: SearchSettings: "get: No settings file exists, new profile?" (new Error("", "(unknown module)"))
JavaScript error: resource://gre/modules/XULStore.jsm, line 66: Error: Can't find profile directory.
1617030542114	Marionette	INFO	Listening on port 54022
1617030542539	Marionette	WARN	TLS certificate errors will be ignored for this session
1617030547231	Marionette	INFO	Stopped listening on port 54022

###!!! [Child][RunMessage] Error: Channel closing: too late to send/recv, messages will be lost


###!!! [Child][MessageChannel::SendAndWait] Error: Channel error: cannot send/recv

1617030547933	geckodriver	INFO	Listening on 127.0.0.1:54091
1617030550976	mozrunner::runner	INFO	Running command: "C:\\Program Files\\Mozilla Firefox\\firefox.exe" "--marionette" "-foreground" "-no-remote" "-profile" "C:\\Users\\Game\\AppData\\Local\\Temp\\rust_mozprofilewH2WxM"
console.warn: SearchSettings: "get: No settings file exists, new profile?" (new Error("", "(unknown module)"))
JavaScript error: resource://gre/modules/XULStore.jsm, line 66: Error: Can't find profile directory.
1617030552598	Marionette	INFO	Listening on port 54102
1617030553001	Marionette	WARN	TLS certificate errors will be ignored for this session
1617030638287	Marionette	INFO	Stopped listening on port 54102

###!!! [Child][RunMessage] Error: Channel closing: too late to send/recv, messages will be lost


###!!! [Child][MessageChannel::SendAndWait] Error: Channel error: cannot send/recv

1617032046810	geckodriver	INFO	Listening on 127.0.0.1:58757
1617032049856	mozrunner::runner	INFO	Running command: "C:\\Program Files\\Mozilla Firefox\\firefox.exe" "--marionette" "-foreground" "-no-remote" "-profile" "C:\\Users\\Game\\AppData\\Local\\Temp\\rust_mozprofileC7T3fR"
console.warn: SearchSettings: "get: No settings file exists, new profile?" (new Error("", "(unknown module)"))
JavaScript error: resource://gre/modules/XULStore.jsm, line 66: Error: Can't find profile directory.
1617032051474	Marionette	INFO	Listening on port 58770
1617032051886	Marionette	WARN	TLS certificate errors will be ignored for this session
JavaScript error: resource://gre/modules/XULStore.jsm, line 66: Error: Can't find profile directory.
JavaScript error: resource://gre/modules/XULStore.jsm, line 66: Error: Can't find profile directory.
1617032053490	Marionette	INFO	Stopped listening on port 58770

###!!! [Child][RunMessage] Error: Channel closing: too late to send/recv, messages will be lost


###!!! [Child][MessageChannel::SendAndWait] Error: Channel error: cannot send/recv

1617032220790	geckodriver	INFO	Listening on 127.0.0.1:59261
1617032223828	mozrunner::runner	INFO	Running command: "C:\\Program Files\\Mozilla Firefox\\firefox.exe" "--marionette" "-foreground" "-no-remote" "-profile" "C:\\Users\\Game\\AppData\\Local\\Temp\\rust_mozprofileKFLaTh"
console.warn: SearchSettings: "get: No settings file exists, new profile?" (new Error("", "(unknown module)"))
JavaScript error: resource://gre/modules/XULStore.jsm, line 66: Error: Can't find profile directory.
1617032225515	Marionette	INFO	Listening on port 59274
1617032225852	Marionette	WARN	TLS certificate errors will be ignored for this session
JavaScript error: resource://gre/modules/XULStore.jsm, line 66: Error: Can't find profile directory.
JavaScript error: resource://gre/modules/XULStore.jsm, line 66: Error: Can't find profile directory.
1617032226627	Marionette	INFO	Stopped listening on port 59274
console.error: services.settings: 
  main/whats-new-panel Signature failed  TypeError: NetworkError when attempting to fetch resource.

###!!! [Child][RunMessage] Error: Channel closing: too late to send/recv, messages will be lost


###!!! [Child][MessageChannel::SendAndWait] Error: Channel error: cannot send/recv

1617032253310	geckodriver	INFO	Listening on 127.0.0.1:59378
1617032256358	mozrunner::runner	INFO	Running command: "C:\\Program Files\\Mozilla Firefox\\firefox.exe" "--marionette" "-foreground" "-no-remote" "-profile" "C:\\Users\\Game\\AppData\\Local\\Temp\\rust_mozprofileuncd1Z"
console.warn: SearchSettings: "get: No settings file exists, new profile?" (new Error("", "(unknown module)"))
JavaScript error: resource://gre/modules/XULStore.jsm, line 66: Error: Can't find profile directory.
1617032258084	Marionette	INFO	Listening on port 59390
1617032258383	Marionette	WARN	TLS certificate errors will be ignored for this session
JavaScript error: resource://gre/modules/XULStore.jsm, line 66: Error: Can't find profile directory.
JavaScript error: resource://gre/modules/XULStore.jsm, line 66: Error: Can't find profile directory.
1617032259288	Marionette	INFO	Stopped listening on port 59390

###!!! [Child][RunMessage] Error: Channel closing: too late to send/recv, messages will be lost


###!!! [Child][MessageChannel::SendAndWait] Error: Channel error: cannot send/recv

1617032259895	geckodriver	INFO	Listening on 127.0.0.1:59430
1617032262936	mozrunner::runner	INFO	Running command: "C:\\Program Files\\Mozilla Firefox\\firefox.exe" "--marionette" "-foreground" "-no-remote" "-profile" "C:\\Users\\Game\\AppData\\Local\\Temp\\rust_mozprofile5INQsC"
console.warn: SearchSettings: "get: No settings file exists, new profile?" (new Error("", "(unknown module)"))
JavaScript error: resource://gre/modules/XULStore.jsm, line 66: Error: Can't find profile directory.
1617032264597	Marionette	INFO	Listening on port 59444
1617032264960	Marionette	WARN	TLS certificate errors will be ignored for this session
1617032268380	Marionette	INFO	Stopped listening on port 59444

###!!! [Child][RunMessage] Error: Channel closing: too late to send/recv, messages will be lost


###!!! [Child][MessageChannel::SendAndWait] Error: Channel error: cannot send/recv

1617032370306	geckodriver	INFO	Listening on 127.0.0.1:59786
1617032373333	mozrunner::runner	INFO	Running command: "C:\\Program Files\\Mozilla Firefox\\firefox.exe" "--marionette" "-foreground" "-no-remote" "-profile" "C:\\Users\\Game\\AppData\\Local\\Temp\\rust_mozprofileMNtgWD"
console.warn: SearchSettings: "get: No settings file exists, new profile?" (new Error("", "(unknown module)"))
JavaScript error: resource://gre/modules/XULStore.jsm, line 66: Error: Can't find profile directory.
1617032374978	Marionette	INFO	Listening on port 59799
1617032375369	Marionette	WARN	TLS certificate errors will be ignored for this session
JavaScript error: resource://gre/modules/XULStore.jsm, line 66: Error: Can't find profile directory.
JavaScript error: resource://gre/modules/XULStore.jsm, line 66: Error: Can't find profile directory.
1617032376197	Marionette	INFO	Stopped listening on port 59799

###!!! [Child][MessageChannel::SendAndWait] Error: Channel error: cannot send/recv

1617032376762	geckodriver	INFO	Listening on 127.0.0.1:59842
1617032379793	mozrunner::runner	INFO	Running command: "C:\\Program Files\\Mozilla Firefox\\firefox.exe" "--marionette" "-foreground" "-no-remote" "-profile" "C:\\Users\\Game\\AppData\\Local\\Temp\\rust_mozprofilecbJCbS"
console.warn: SearchSettings: "get: No settings file exists, new profile?" (new Error("", "(unknown module)"))
JavaScript error: resource://gre/modules/XULStore.jsm, line 66: Error: Can't find profile directory.
1617032381437	Marionette	INFO	Listening on port 59859
1617032381825	Marionette	WARN	TLS certificate errors will be ignored for this session
1617032385694	Marionette	INFO	Stopped listening on port 59859
JavaScript error: , line 0: InvalidStateError: An attempt was made to use an object that is not, or is no longer, usable

###!!! [Child][RunMessage] Error: Channel closing: too late to send/recv, messages will be lost


###!!! [Child][MessageChannel::SendAndWait] Error: Channel error: cannot send/recv

1617032386437	geckodriver	INFO	Listening on 127.0.0.1:59985
1617032389477	mozrunner::runner	INFO	Running command: "C:\\Program Files\\Mozilla Firefox\\firefox.exe" "--marionette" "-foreground" "-no-remote" "-profile" "C:\\Users\\Game\\AppData\\Local\\Temp\\rust_mozprofiled92Nmc"
console.warn: SearchSettings: "get: No settings file exists, new profile?" (new Error("", "(unknown module)"))
JavaScript error: resource://gre/modules/XULStore.jsm, line 66: Error: Can't find profile directory.
1617032391122	Marionette	INFO	Listening on port 59999
1617032391501	Marionette	WARN	TLS certificate errors will be ignored for this session
1617032394965	Marionette	INFO	Stopped listening on port 59999
IPDL protocol error: Handler returned error code!

###!!! [Parent][DispatchAsyncMessage] Error: PLayerTransaction::Msg_ReleaseLayer Processing error: message was deserialized, but the handler returned false (indicating failure)

JavaScript error: , line 0: TypeError: ServiceWorker script at https://finance.yahoo.com/_service-worker.js for scope https://finance.yahoo.com/ encountered an error during installation.

###!!! [Child][MessageChannel::SendAndWait] Error: Channel error: cannot send/recv

1617032864286	geckodriver	INFO	Listening on 127.0.0.1:60776
1617032867333	mozrunner::runner	INFO	Running command: "C:\\Program Files\\Mozilla Firefox\\firefox.exe" "--marionette" "-foreground" "-no-remote" "-profile" "C:\\Users\\Game\\AppData\\Local\\Temp\\rust_mozprofilem9EThL"
console.warn: SearchSettings: "get: No settings file exists, new profile?" (new Error("", "(unknown module)"))
JavaScript error: resource://gre/modules/XULStore.jsm, line 66: Error: Can't find profile directory.
1617032869017	Marionette	INFO	Listening on port 60787
1617032869363	Marionette	WARN	TLS certificate errors will be ignored for this session
JavaScript error: resource://gre/modules/XULStore.jsm, line 66: Error: Can't find profile directory.
JavaScript error: resource://gre/modules/XULStore.jsm, line 66: Error: Can't find profile directory.
1617032870178	Marionette	INFO	Stopped listening on port 60787
console.error: services.settings: 
  main/whats-new-panel Signature failed  TypeError: NetworkError when attempting to fetch resource.

###!!! [Child][RunMessage] Error: Channel closing: too late to send/recv, messages will be lost


###!!! [Child][MessageChannel::SendAndWait] Error: Channel error: cannot send/recv

1617032870816	geckodriver	INFO	Listening on 127.0.0.1:60826
1617032873862	mozrunner::runner	INFO	Running command: "C:\\Program Files\\Mozilla Firefox\\firefox.exe" "--marionette" "-foreground" "-no-remote" "-profile" "C:\\Users\\Game\\AppData\\Local\\Temp\\rust_mozprofilen7yZXV"
console.warn: SearchSettings: "get: No settings file exists, new profile?" (new Error("", "(unknown module)"))
JavaScript error: resource://gre/modules/XULStore.jsm, line 66: Error: Can't find profile directory.
1617032875515	Marionette	INFO	Listening on port 60837
1617032875889	Marionette	WARN	TLS certificate errors will be ignored for this session

###!!! [Child][RunMessage] Error: Channel closing: too late to send/recv, messages will be lost

1617032878219	Marionette	INFO	Stopped listening on port 60837

###!!! [Child][MessageChannel::SendAndWait] Error: Channel error: cannot send/recv

1617034488632	geckodriver	INFO	Listening on 127.0.0.1:63111
1617034491649	mozrunner::runner	INFO	Running command: "C:\\Program Files\\Mozilla Firefox\\firefox.exe" "--marionette" "-foreground" "-no-remote" "-profile" "C:\\Users\\Game\\AppData\\Local\\Temp\\rust_mozprofilecdL7wm"
console.warn: SearchSettings: "get: No settings file exists, new profile?" (new Error("", "(unknown module)"))
JavaScript error: resource://gre/modules/XULStore.jsm, line 66: Error: Can't find profile directory.
1617034493465	Marionette	INFO	Listening on port 63123
1617034493676	Marionette	WARN	TLS certificate errors will be ignored for this session
JavaScript error: resource://gre/modules/XULStore.jsm, line 66: Error: Can't find profile directory.
JavaScript error: resource://gre/modules/XULStore.jsm, line 66: Error: Can't find profile directory.
1617034494502	Marionette	INFO	Stopped listening on port 63123

###!!! [Child][RunMessage] Error: Channel closing: too late to send/recv, messages will be lost


###!!! [Child][MessageChannel::SendAndWait] Error: Channel error: cannot send/recv

1617034495253	geckodriver	INFO	Listening on 127.0.0.1:63167
1617034498266	mozrunner::runner	INFO	Running command: "C:\\Program Files\\Mozilla Firefox\\firefox.exe" "--marionette" "-foreground" "-no-remote" "-profile" "C:\\Users\\Game\\AppData\\Local\\Temp\\rust_mozprofile3UwQ74"
console.warn: SearchSettings: "get: No settings file exists, new profile?" (new Error("", "(unknown module)"))
JavaScript error: resource://gre/modules/XULStore.jsm, line 66: Error: Can't find profile directory.
1617034500068	Marionette	INFO	Listening on port 63178
1617034500293	Marionette	WARN	TLS certificate errors will be ignored for this session
1617034503501	Marionette	INFO	Stopped listening on port 63178
JavaScript error: , line 0: InvalidStateError: An attempt was made to use an object that is not, or is no longer, usable

###!!! [Child][MessageChannel::SendAndWait] Error: Channel error: cannot send/recv

1617034504592	geckodriver	INFO	Listening on 127.0.0.1:63290
1617034507603	mozrunner::runner	INFO	Running command: "C:\\Program Files\\Mozilla Firefox\\firefox.exe" "--marionette" "-foreground" "-no-remote" "-profile" "C:\\Users\\Game\\AppData\\Local\\Temp\\rust_mozprofilesFESl5"
console.warn: SearchSettings: "get: No settings file exists, new profile?" (new Error("", "(unknown module)"))
JavaScript error: resource://gre/modules/XULStore.jsm, line 66: Error: Can't find profile directory.
1617034509421	Marionette	INFO	Listening on port 63302
1617034509631	Marionette	WARN	TLS certificate errors will be ignored for this session
1617034512905	Marionette	INFO	Stopped listening on port 63302
IPDL protocol error: Handler returned error code!

###!!! [Parent][DispatchAsyncMessage] Error: PLayerTransaction::Msg_ReleaseLayer Processing error: message was deserialized, but the handler returned false (indicating failure)

JavaScript error: resource://gre/modules/Sqlite.jsm, line 1031: Error: Sqlite.jsm has been shutdown. Cannot open connection to: C:\Users\Game\AppData\Local\Temp\rust_mozprofilesFESl5\protections.sqlite

###!!! [Child][RunMessage] Error: Channel closing: too late to send/recv, messages will be lost


###!!! [Child][MessageChannel::SendAndWait] Error: Channel error: cannot send/recv

1617034774141	geckodriver	INFO	Listening on 127.0.0.1:63757
1617034777183	mozrunner::runner	INFO	Running command: "C:\\Program Files\\Mozilla Firefox\\firefox.exe" "--marionette" "-foreground" "-no-remote" "-profile" "C:\\Users\\Game\\AppData\\Local\\Temp\\rust_mozprofile8yyqBN"
console.warn: SearchSettings: "get: No settings file exists, new profile?" (new Error("", "(unknown module)"))
JavaScript error: resource://gre/modules/XULStore.jsm, line 66: Error: Can't find profile directory.
1617034778998	Marionette	INFO	Listening on port 63772
1617034779211	Marionette	WARN	TLS certificate errors will be ignored for this session
JavaScript error: resource://gre/modules/XULStore.jsm, line 66: Error: Can't find profile directory.
JavaScript error: resource://gre/modules/XULStore.jsm, line 66: Error: Can't find profile directory.
1617034780035	Marionette	INFO	Stopped listening on port 63772

###!!! [Child][RunMessage] Error: Channel closing: too late to send/recv, messages will be lost


###!!! [Child][MessageChannel::SendAndWait] Error: Channel error: cannot send/recv

1617034780637	geckodriver	INFO	Listening on 127.0.0.1:63822
1617034783668	mozrunner::runner	INFO	Running command: "C:\\Program Files\\Mozilla Firefox\\firefox.exe" "--marionette" "-foreground" "-no-remote" "-profile" "C:\\Users\\Game\\AppData\\Local\\Temp\\rust_mozprofileCebfBh"
console.warn: SearchSettings: "get: No settings file exists, new profile?" (new Error("", "(unknown module)"))
JavaScript error: resource://gre/modules/XULStore.jsm, line 66: Error: Can't find profile directory.
1617034785418	Marionette	INFO	Listening on port 63834
1617034785690	Marionette	WARN	TLS certificate errors will be ignored for this session
1617034790537	Marionette	INFO	Stopped listening on port 63834
JavaScript error: , line 0: TypeError: ServiceWorker script at https://finance.yahoo.com/_service-worker.js for scope https://finance.yahoo.com/ encountered an error during installation.

###!!! [Child][RunMessage] Error: Channel closing: too late to send/recv, messages will be lost


###!!! [Child][MessageChannel::SendAndWait] Error: Channel error: cannot send/recv

1617034791341	geckodriver	INFO	Listening on 127.0.0.1:63974
1617034794353	mozrunner::runner	INFO	Running command: "C:\\Program Files\\Mozilla Firefox\\firefox.exe" "--marionette" "-foreground" "-no-remote" "-profile" "C:\\Users\\Game\\AppData\\Local\\Temp\\rust_mozprofile6x1h9x"
console.warn: SearchSettings: "get: No settings file exists, new profile?" (new Error("", "(unknown module)"))
JavaScript error: resource://gre/modules/XULStore.jsm, line 66: Error: Can't find profile directory.
1617034796167	Marionette	INFO	Listening on port 63988
1617034796382	Marionette	WARN	TLS certificate errors will be ignored for this session
1617034799630	Marionette	INFO	Stopped listening on port 63988
IPDL protocol error: Handler returned error code!

###!!! [Parent][DispatchAsyncMessage] Error: PLayerTransaction::Msg_ReleaseLayer Processing error: message was deserialized, but the handler returned false (indicating failure)


###!!! [Parent][RunMessage] Error: Channel closing: too late to send/recv, messages will be lost

JavaScript error: resource://gre/modules/Sqlite.jsm, line 1031: Error: Sqlite.jsm has been shutdown. Cannot open connection to: C:\Users\Game\AppData\Local\Temp\rust_mozprofile6x1h9x\protections.sqlite

###!!! [Child][RunMessage] Error: Channel closing: too late to send/recv, messages will be lost


###!!! [Child][MessageChannel::SendAndWait] Error: Channel error: cannot send/recv

1617035029694	geckodriver	INFO	Listening on 127.0.0.1:64406
1617035032723	mozrunner::runner	INFO	Running command: "C:\\Program Files\\Mozilla Firefox\\firefox.exe" "--marionette" "-foreground" "-no-remote" "-profile" "C:\\Users\\Game\\AppData\\Local\\Temp\\rust_mozprofilep5fLIY"
console.warn: SearchSettings: "get: No settings file exists, new profile?" (new Error("", "(unknown module)"))
JavaScript error: resource://gre/modules/XULStore.jsm, line 66: Error: Can't find profile directory.
1617035034647	Marionette	INFO	Listening on port 64417
1617035034763	Marionette	WARN	TLS certificate errors will be ignored for this session
JavaScript error: resource://gre/modules/XULStore.jsm, line 66: Error: Can't find profile directory.
JavaScript error: resource://gre/modules/XULStore.jsm, line 66: Error: Can't find profile directory.
1617035035655	Marionette	INFO	Stopped listening on port 64417

###!!! [Child][MessageChannel::SendAndWait] Error: Channel error: cannot send/recv

1617035036376	geckodriver	INFO	Listening on 127.0.0.1:64460
1617035039389	mozrunner::runner	INFO	Running command: "C:\\Program Files\\Mozilla Firefox\\firefox.exe" "--marionette" "-foreground" "-no-remote" "-profile" "C:\\Users\\Game\\AppData\\Local\\Temp\\rust_mozprofileZlF0jN"
console.warn: SearchSettings: "get: No settings file exists, new profile?" (new Error("", "(unknown module)"))
JavaScript error: resource://gre/modules/XULStore.jsm, line 66: Error: Can't find profile directory.
1617035041474	Marionette	INFO	Listening on port 64472
1617035041521	Marionette	WARN	TLS certificate errors will be ignored for this session
1617035044812	Marionette	INFO	Stopped listening on port 64472

###!!! [Child][RunMessage] Error: Channel closing: too late to send/recv, messages will be lost


###!!! [Child][MessageChannel] Error: (msgtype=0x6B0016,name=PNecko::Msg_PredLearn) Channel closing: too late to send/recv, messages will be lost


###!!! [Child][MessageChannel] Error: (msgtype=0x6B0016,name=PNecko::Msg_PredLearn) Channel closing: too late to send/recv, messages will be lost


###!!! [Child][RunMessage] Error: Channel closing: too late to send/recv, messages will be lost


###!!! [Child][MessageChannel::SendAndWait] Error: Channel error: cannot send/recv

1617035045745	geckodriver	INFO	Listening on 127.0.0.1:64577
1617035048765	mozrunner::runner	INFO	Running command: "C:\\Program Files\\Mozilla Firefox\\firefox.exe" "--marionette" "-foreground" "-no-remote" "-profile" "C:\\Users\\Game\\AppData\\Local\\Temp\\rust_mozprofilefVZQTZ"
console.warn: SearchSettings: "get: No settings file exists, new profile?" (new Error("", "(unknown module)"))
JavaScript error: resource://gre/modules/XULStore.jsm, line 66: Error: Can't find profile directory.
1617035050638	Marionette	INFO	Listening on port 64589
1617035050791	Marionette	WARN	TLS certificate errors will be ignored for this session
1617035053990	Marionette	INFO	Stopped listening on port 64589

###!!! [Child][RunMessage] Error: Channel closing: too late to send/recv, messages will be lost


###!!! [Child][RunMessage] Error: Channel closing: too late to send/recv, messages will be lost


###!!! [Child][MessageChannel::SendAndWait] Error: Channel error: cannot send/recv

1617035378536	geckodriver	INFO	Listening on 127.0.0.1:65401
1617035381583	mozrunner::runner	INFO	Running command: "C:\\Program Files\\Mozilla Firefox\\firefox.exe" "--marionette" "-foreground" "-no-remote" "-profile" "C:\\Users\\Game\\AppData\\Local\\Temp\\rust_mozprofile5SHVNZ"
console.warn: SearchSettings: "get: No settings file exists, new profile?" (new Error("", "(unknown module)"))
JavaScript error: resource://gre/modules/XULStore.jsm, line 66: Error: Can't find profile directory.
1617035383227	Marionette	INFO	Listening on port 65414
1617035383612	Marionette	WARN	TLS certificate errors will be ignored for this session
JavaScript error: resource://gre/modules/XULStore.jsm, line 66: Error: Can't find profile directory.
JavaScript error: resource://gre/modules/XULStore.jsm, line 66: Error: Can't find profile directory.
1617035384422	Marionette	INFO	Stopped listening on port 65414
JavaScript error: resource://gre/modules/UrlClassifierListManager.jsm, line 691: TypeError: this.tablesData[table] is undefined

###!!! [Child][RunMessage] Error: Channel closing: too late to send/recv, messages will be lost


###!!! [Child][MessageChannel::SendAndWait] Error: Channel error: cannot send/recv

1617035385036	geckodriver	INFO	Listening on 127.0.0.1:65456
1617035388076	mozrunner::runner	INFO	Running command: "C:\\Program Files\\Mozilla Firefox\\firefox.exe" "--marionette" "-foreground" "-no-remote" "-profile" "C:\\Users\\Game\\AppData\\Local\\Temp\\rust_mozprofileNGKfTf"
console.warn: SearchSettings: "get: No settings file exists, new profile?" (new Error("", "(unknown module)"))
JavaScript error: resource://gre/modules/XULStore.jsm, line 66: Error: Can't find profile directory.
1617035389684	Marionette	INFO	Listening on port 65467
1617035390097	Marionette	WARN	TLS certificate errors will be ignored for this session
1617035393221	Marionette	INFO	Stopped listening on port 65467
JavaScript error: , line 0: TypeError: ServiceWorker script at https://finance.yahoo.com/_service-worker.js for scope https://finance.yahoo.com/ encountered an error during installation.

###!!! [Child][RunMessage] Error: Channel closing: too late to send/recv, messages will be lost


###!!! [Child][MessageChannel::SendAndWait] Error: Channel error: cannot send/recv

1617035393962	geckodriver	INFO	Listening on 127.0.0.1:49199
1617035396992	mozrunner::runner	INFO	Running command: "C:\\Program Files\\Mozilla Firefox\\firefox.exe" "--marionette" "-foreground" "-no-remote" "-profile" "C:\\Users\\Game\\AppData\\Local\\Temp\\rust_mozprofilePvAh1m"
console.warn: SearchSettings: "get: No settings file exists, new profile?" (new Error("", "(unknown module)"))
JavaScript error: resource://gre/modules/XULStore.jsm, line 66: Error: Can't find profile directory.
1617035398723	Marionette	INFO	Listening on port 49210
1617035399013	Marionette	WARN	TLS certificate errors will be ignored for this session
1617035402396	Marionette	INFO	Stopped listening on port 49210
JavaScript error: , line 0: TypeError: ServiceWorker script at https://finance.yahoo.com/_service-worker.js for scope https://finance.yahoo.com/ encountered an error during installation.

###!!! [Child][RunMessage] Error: Channel closing: too late to send/recv, messages will be lost


###!!! [Child][MessageChannel::SendAndWait] Error: Channel error: cannot send/recv

1618891694541	geckodriver	INFO	Listening on 127.0.0.1:53270
1618891697541	mozrunner::runner	INFO	Running command: "C:\\Program Files\\Mozilla Firefox\\firefox.exe" "--marionette" "-foreground" "-no-remote" "-profile" "C:\\Users\\Game\\AppData\\Local\\Temp\\rust_mozprofilekLPzPp"
console.warn: SearchSettings: "get: No settings file exists, new profile?" (new Error("", "(unknown module)"))
JavaScript error: resource://gre/modules/XULStore.jsm, line 66: Error: Can't find profile directory.
1618891700549	Marionette	INFO	Listening on port 53305
1618891700687	Marionette	WARN	TLS certificate errors will be ignored for this session
JavaScript error: resource://gre/modules/XULStore.jsm, line 66: Error: Can't find profile directory.
JavaScript error: resource://gre/modules/XULStore.jsm, line 66: Error: Can't find profile directory.
1618891701691	Marionette	INFO	Stopped listening on port 53305

###!!! [Child][RunMessage] Error: Channel closing: too late to send/recv, messages will be lost


###!!! [Child][MessageChannel::SendAndWait] Error: Channel error: cannot send/recv

1618891702511	geckodriver	INFO	Listening on 127.0.0.1:53414
1618891705515	mozrunner::runner	INFO	Running command: "C:\\Program Files\\Mozilla Firefox\\firefox.exe" "--marionette" "-foreground" "-no-remote" "-profile" "C:\\Users\\Game\\AppData\\Local\\Temp\\rust_mozprofileCMpYc8"
console.warn: SearchSettings: "get: No settings file exists, new profile?" (new Error("", "(unknown module)"))
JavaScript error: resource://gre/modules/XULStore.jsm, line 66: Error: Can't find profile directory.
1618891708331	Marionette	INFO	Listening on port 53443
1618891708654	Marionette	WARN	TLS certificate errors will be ignored for this session
JavaScript error: https://yep.video.yahoo.com/oath/js/1/oath-player.js, line 4: SyntaxError: missing } after function body
JavaScript note: https://yep.video.yahoo.com/oath/js/1/oath-player.js, line 4: { opened at line 4, column 851569
1618891714676	Marionette	INFO	Stopped listening on port 53443

###!!! [Child][RunMessage] Error: Channel closing: too late to send/recv, messages will be lost


###!!! [Child][MessageChannel::SendAndWait] Error: Channel error: cannot send/recv

1618891715968	geckodriver	INFO	Listening on 127.0.0.1:53670
1618891867586	geckodriver	INFO	Listening on 127.0.0.1:55191
1618891870598	mozrunner::runner	INFO	Running command: "C:\\Program Files\\Mozilla Firefox\\firefox.exe" "--marionette" "-foreground" "-no-remote" "-profile" "C:\\Users\\Game\\AppData\\Local\\Temp\\rust_mozprofilevcYBBV"
console.warn: SearchSettings: "get: No settings file exists, new profile?" (new Error("", "(unknown module)"))
JavaScript error: resource://gre/modules/XULStore.jsm, line 66: Error: Can't find profile directory.
1618891873201	Marionette	INFO	Listening on port 55220
1618891873240	Marionette	WARN	TLS certificate errors will be ignored for this session
JavaScript error: resource://gre/modules/XULStore.jsm, line 66: Error: Can't find profile directory.
JavaScript error: resource://gre/modules/XULStore.jsm, line 66: Error: Can't find profile directory.
1618891874234	Marionette	INFO	Stopped listening on port 55220

###!!! [Child][RunMessage] Error: Channel closing: too late to send/recv, messages will be lost


###!!! [Child][MessageChannel::SendAndWait] Error: Channel error: cannot send/recv

1618891875344	geckodriver	INFO	Listening on 127.0.0.1:55320
1618891878337	mozrunner::runner	INFO	Running command: "C:\\Program Files\\Mozilla Firefox\\firefox.exe" "--marionette" "-foreground" "-no-remote" "-profile" "C:\\Users\\Game\\AppData\\Local\\Temp\\rust_mozprofilePNRhhV"
console.warn: SearchSettings: "get: No settings file exists, new profile?" (new Error("", "(unknown module)"))
JavaScript error: resource://gre/modules/XULStore.jsm, line 66: Error: Can't find profile directory.
1618891880920	Marionette	INFO	Listening on port 55370
1618891880976	Marionette	WARN	TLS certificate errors will be ignored for this session
JavaScript error: https://yep.video.yahoo.com/oath/js/1/oath-player.js, line 4: SyntaxError: missing } after function body
JavaScript note: https://yep.video.yahoo.com/oath/js/1/oath-player.js, line 4: { opened at line 4, column 851569
Can't find symbol 'eglSwapBuffersWithDamageEXT'.
Can't find symbol 'eglSetDamageRegionKHR'.
1618891886805	Marionette	INFO	Stopped listening on port 55370
JavaScript error: , line 0: TypeError: ServiceWorker script at https://finance.yahoo.com/_service-worker.js for scope https://finance.yahoo.com/ encountered an error during installation.

###!!! [Child][RunMessage] Error: Channel closing: too late to send/recv, messages will be lost


###!!! [Child][MessageChannel::SendAndWait] Error: Channel error: cannot send/recv

1618891887878	geckodriver	INFO	Listening on 127.0.0.1:55594
1618891890887	mozrunner::runner	INFO	Running command: "C:\\Program Files\\Mozilla Firefox\\firefox.exe" "--marionette" "-foreground" "-no-remote" "-profile" "C:\\Users\\Game\\AppData\\Local\\Temp\\rust_mozprofile3Cb3B9"
console.warn: SearchSettings: "get: No settings file exists, new profile?" (new Error("", "(unknown module)"))
JavaScript error: resource://gre/modules/XULStore.jsm, line 66: Error: Can't find profile directory.
1618891892903	Marionette	INFO	Listening on port 55652
1618891893025	Marionette	WARN	TLS certificate errors will be ignored for this session
JavaScript error: https://yep.video.yahoo.com/oath/js/1/oath-player.js, line 4: SyntaxError: missing } after function body
JavaScript note: https://yep.video.yahoo.com/oath/js/1/oath-player.js, line 4: { opened at line 4, column 851569
1618891898408	Marionette	INFO	Stopped listening on port 55652
IPDL protocol error: Handler returned error code!

###!!! [Parent][DispatchAsyncMessage] Error: PLayerTransaction::Msg_ReleaseLayer Processing error: message was deserialized, but the handler returned false (indicating failure)

JavaScript error: , line 0: InvalidStateError: An attempt was made to use an object that is not, or is no longer, usable

###!!! [Child][RunMessage] Error: Channel closing: too late to send/recv, messages will be lost

JavaScript error: resource://gre/modules/Sqlite.jsm, line 1031: Error: Sqlite.jsm has been shutdown. Cannot open connection to: C:\Users\Game\AppData\Local\Temp\rust_mozprofile3Cb3B9\protections.sqlite

###!!! [Child][RunMessage] Error: Channel closing: too late to send/recv, messages will be lost


###!!! [Child][MessageChannel::SendAndWait] Error: Channel error: cannot send/recv

1621850560091	geckodriver	INFO	Listening on 127.0.0.1:50647
1621850563127	mozrunner::runner	INFO	Running command: "C:\\Program Files\\Mozilla Firefox\\firefox.exe" "--marionette" "-headless" "-foreground" "-no-remote" "-profile" "C:\\Users\\Game\\AppData\\Local\\Temp\\rust_mozprofile1RXJ73"
*** You are running in headless mode.
1621850563911	Marionette	INFO	Marionette enabled
console.warn: SearchSettings: "get: No settings file exists, new profile?" (new Error("", "(unknown module)"))
1621850565353	Marionette	INFO	Listening on port 50694
1621850565755	Marionette	WARN	TLS certificate errors will be ignored for this session
JavaScript error: resource://gre/modules/XULStore.jsm, line 66: Error: Can't find profile directory.
JavaScript error: resource://gre/modules/XULStore.jsm, line 66: Error: Can't find profile directory.
1621850566919	Marionette	INFO	Stopped listening on port 50694
1621850567478	geckodriver	INFO	Listening on 127.0.0.1:50800
1621850570489	mozrunner::runner	INFO	Running command: "C:\\Program Files\\Mozilla Firefox\\firefox.exe" "--marionette" "-headless" "-foreground" "-no-remote" "-profile" "C:\\Users\\Game\\AppData\\Local\\Temp\\rust_mozprofileI4Tqlk"
*** You are running in headless mode.
1621850570889	Marionette	INFO	Marionette enabled
console.warn: SearchSettings: "get: No settings file exists, new profile?" (new Error("", "(unknown module)"))
1621850572103	Marionette	INFO	Listening on port 50841
1621850572505	Marionette	WARN	TLS certificate errors will be ignored for this session
JavaScript warning: https://z.moatads.com/ptarmiganmediadcm677757797954/moatad.js#moatClientLevel1=10829743&moatClientLevel2=25800040&moatClientLevel3=496473140&moatClientLevel4=151029970&moatClientSlicer1=1581809&moatClientSlicer2=303790249, line 267: Failed to create WebGL context: WebGL creation failed: 
* Can't use WebGL in headless mode (https://bugzil.la/1375585).
JavaScript warning: https://z.moatads.com/ptarmiganmediadcm677757797954/moatad.js#moatClientLevel1=10829743&moatClientLevel2=25800040&moatClientLevel3=496473140&moatClientLevel4=151029970&moatClientSlicer1=1581809&moatClientSlicer2=303790249, line 267: Failed to create WebGL context: WebGL creation failed: 
* Can't use WebGL in headless mode (https://bugzil.la/1375585).
JavaScript warning: https://z.moatads.com/ptarmiganmediadcm677757797954/moatad.js#moatClientLevel1=10829743&moatClientLevel2=25800040&moatClientLevel3=496471949&moatClientLevel4=151012856&moatClientSlicer1=1581809&moatClientSlicer2=303790243, line 267: Failed to create WebGL context: WebGL creation failed: 
* Can't use WebGL in headless mode (https://bugzil.la/1375585).
JavaScript warning: https://z.moatads.com/ptarmiganmediadcm677757797954/moatad.js#moatClientLevel1=10829743&moatClientLevel2=25800040&moatClientLevel3=496471949&moatClientLevel4=151012856&moatClientSlicer1=1581809&moatClientSlicer2=303790243, line 267: Failed to create WebGL context: WebGL creation failed: 
* Can't use WebGL in headless mode (https://bugzil.la/1375585).
1621850577293	Marionette	INFO	Stopped listening on port 50841
JavaScript error: , line 0: InvalidStateError: An attempt was made to use an object that is not, or is no longer, usable
JavaScript error: resource://gre/modules/Sqlite.jsm, line 1030: Error: Sqlite.jsm has been shutdown. Cannot open connection to: C:\Users\Game\AppData\Local\Temp\rust_mozprofileI4Tqlk\protections.sqlite
1621850578107	geckodriver	INFO	Listening on 127.0.0.1:51057
1621850581117	mozrunner::runner	INFO	Running command: "C:\\Program Files\\Mozilla Firefox\\firefox.exe" "--marionette" "-headless" "-foreground" "-no-remote" "-profile" "C:\\Users\\Game\\AppData\\Local\\Temp\\rust_mozprofileznpzvx"
*** You are running in headless mode.
1621850581491	Marionette	INFO	Marionette enabled
console.warn: SearchSettings: "get: No settings file exists, new profile?" (new Error("", "(unknown module)"))
1621850582725	Marionette	INFO	Listening on port 51085
1621850583140	Marionette	WARN	TLS certificate errors will be ignored for this session
JavaScript warning: https://z.moatads.com/ptarmiganmediadcm677757797954/moatad.js#moatClientLevel1=10829743&moatClientLevel2=25800040&moatClientLevel3=496473140&moatClientLevel4=151029970&moatClientSlicer1=1581809&moatClientSlicer2=303790249, line 267: Failed to create WebGL context: WebGL creation failed: 
* Can't use WebGL in headless mode (https://bugzil.la/1375585).
JavaScript warning: https://z.moatads.com/ptarmiganmediadcm677757797954/moatad.js#moatClientLevel1=10829743&moatClientLevel2=25800040&moatClientLevel3=496473140&moatClientLevel4=151029970&moatClientSlicer1=1581809&moatClientSlicer2=303790249, line 267: Failed to create WebGL context: WebGL creation failed: 
* Can't use WebGL in headless mode (https://bugzil.la/1375585).
JavaScript warning: https://z.moatads.com/ptarmiganmediadcm677757797954/moatad.js#moatClientLevel1=10829743&moatClientLevel2=25800040&moatClientLevel3=496471949&moatClientLevel4=151013801&moatClientSlicer1=1581809&moatClientSlicer2=303790243, line 267: Failed to create WebGL context: WebGL creation failed: 
* Can't use WebGL in headless mode (https://bugzil.la/1375585).
JavaScript warning: https://z.moatads.com/ptarmiganmediadcm677757797954/moatad.js#moatClientLevel1=10829743&moatClientLevel2=25800040&moatClientLevel3=496471949&moatClientLevel4=151013801&moatClientSlicer1=1581809&moatClientSlicer2=303790243, line 267: Failed to create WebGL context: WebGL creation failed: 
* Can't use WebGL in headless mode (https://bugzil.la/1375585).
1621850588312	Marionette	INFO	Stopped listening on port 51085
JavaScript error: , line 0: TypeError: ServiceWorker script at https://finance.yahoo.com/_service-worker.js for scope https://finance.yahoo.com/ encountered an error during installation.
JavaScript error: resource://gre/modules/Sqlite.jsm, line 1030: Error: Sqlite.jsm has been shutdown. Cannot open connection to: C:\Users\Game\AppData\Local\Temp\rust_mozprofileznpzvx\protections.sqlite
1621850589239	geckodriver	INFO	Listening on 127.0.0.1:51303
1621850608316	geckodriver	INFO	Listening on 127.0.0.1:51536
1621850611345	mozrunner::runner	INFO	Running command: "C:\\Program Files\\Mozilla Firefox\\firefox.exe" "--marionette" "-headless" "-foreground" "-no-remote" "-profile" "C:\\Users\\Game\\AppData\\Local\\Temp\\rust_mozprofileJm3FGB"
*** You are running in headless mode.
1621850611710	Marionette	INFO	Marionette enabled
console.warn: SearchSettings: "get: No settings file exists, new profile?" (new Error("", "(unknown module)"))
1621850612950	Marionette	INFO	Listening on port 51576
1621850613364	Marionette	WARN	TLS certificate errors will be ignored for this session
JavaScript error: resource://gre/modules/XULStore.jsm, line 66: Error: Can't find profile directory.
JavaScript error: resource://gre/modules/XULStore.jsm, line 66: Error: Can't find profile directory.
1621850614908	Marionette	INFO	Stopped listening on port 51576
JavaScript error: resource://gre/modules/UrlClassifierListManager.jsm, line 691: TypeError: this.tablesData[table] is undefined
JavaScript error: resource://gre/modules/AsyncShutdown.jsm, line 718: Error: Phase "Sqlite.jsm: wait until all connections are closed" is finished, it is too late to register completion condition "protections.sqlite#0: waiting for shutdown"
1621850615564	geckodriver	INFO	Listening on 127.0.0.1:51697
1621850618564	mozrunner::runner	INFO	Running command: "C:\\Program Files\\Mozilla Firefox\\firefox.exe" "--marionette" "-headless" "-foreground" "-no-remote" "-profile" "C:\\Users\\Game\\AppData\\Local\\Temp\\rust_mozprofileREzezZ"
*** You are running in headless mode.
1621850618944	Marionette	INFO	Marionette enabled
console.warn: SearchSettings: "get: No settings file exists, new profile?" (new Error("", "(unknown module)"))
1621850620027	Marionette	INFO	Listening on port 51746
1621850620085	Marionette	WARN	TLS certificate errors will be ignored for this session
JavaScript warning: https://aka-cdn.adtechus.com/media/moat/adtechbrands092348fjlsmdhlwsl239fh3df/moatad.js#moatClientLevel1=5113&moatClientLevel2=374058&moatClientLevel3=0&moatClientLevel4=4830805&zMoatMaster=10498480&zMoatFlight=10734389&zMoatBanner=26554488&zURL=https&zMoatPlacementId=4830805&zMoatAdId=10734389&zMoatCreative=0&zMoatBannerID=2&zMoatCustomVisp=50&zMoatCustomVist=1000&zMoatIsAdvisGoal=0&zMoatEventUrl=https://12.at.atwola.com/adcount|2.0|5113.1|4830805|0|170|AdId=10734389;BnId=2;ct=2249683267;st=17860;adcid=1;itime=850620858;reqtype=5;guid=e2jmjbpgamufs&b=3&s=46;;impref=1621850620143947649;imprefseq=164957603674195129;imprefts=1621850620;adclntid=1004;spaceid=1197805203;adposition=LREC;lmsid=;revshare=pt%253Autility%253Bsite%253Afinance%253Bver%253Aydotcom%253Bpct%253Aqsp%253Blu%253A0;pvid=dliz6TEwNi7hTtNeYKt5_AOuMjQwNQAAAACGFyl3;sectionid=321330551;kvsecure%2Ddarla=4%2D8%2D0%7Cysd%7C1;kvsecure=true;kvrs=pt:utility:ver:site:lu:pct:ydotcom:finance:0:qsp;kvssp=ssp;kvmn=y405551;kvticker=eth%2Dusd;kvy%2Dbucket=us%2Dfin%2Ddesktop%2Dxray%2Dmultiwatchlist%2D2%2Cjrvxp%2Dfin%5Fxgb%5Fexp1%2Cfd%2Dscrn%2Dctrl;kvpgcolo=sg3;kvadtc%5Fdvmktname=unknown;kvadtc%5Fdvosplt=windows%5F10;kvadtc%5Fdvbrand=mozilla;kvadtc%5Fdvtype=desktop;kvadtc%5Fdvmodel=firefox%5F%2D%5Fwindows;kvrepo%5Fdvosplt=windows%5F10;kvadtc%5Fdvosversion=NT%2010%2E0;kvadtc%5Fcrmcc=UNKNOWN;kvadtc%5Fcrmnc=UNKNOWN;gdpr=0;&zMoatSize=170&zMoatSubNetID=1&zMoatisSelected=0&zMoatadServer=sg.as.y.atwola.com&zMoatadVisServer=&zMoatSamplingRate=5&zMoatliveTestCookie=&zMoatRefSeqId=5SAAKEBDKJA&zMoatImpRefTs=1621850620&zMoatAlias=y405551&zMoatVert=&zMoatBannerInfo=490284548, line 265: Failed to create WebGL context: WebGL creation failed: 
* Can't use WebGL in headless mode (https://bugzil.la/1375585).
JavaScript warning: https://aka-cdn.adtechus.com/media/moat/adtechbrands092348fjlsmdhlwsl239fh3df/moatad.js#moatClientLevel1=5113&moatClientLevel2=374058&moatClientLevel3=0&moatClientLevel4=4830805&zMoatMaster=10498480&zMoatFlight=10734389&zMoatBanner=26554488&zURL=https&zMoatPlacementId=4830805&zMoatAdId=10734389&zMoatCreative=0&zMoatBannerID=2&zMoatCustomVisp=50&zMoatCustomVist=1000&zMoatIsAdvisGoal=0&zMoatEventUrl=https://12.at.atwola.com/adcount|2.0|5113.1|4830805|0|170|AdId=10734389;BnId=2;ct=2249683267;st=17860;adcid=1;itime=850620858;reqtype=5;guid=e2jmjbpgamufs&b=3&s=46;;impref=1621850620143947649;imprefseq=164957603674195129;imprefts=1621850620;adclntid=1004;spaceid=1197805203;adposition=LREC;lmsid=;revshare=pt%253Autility%253Bsite%253Afinance%253Bver%253Aydotcom%253Bpct%253Aqsp%253Blu%253A0;pvid=dliz6TEwNi7hTtNeYKt5_AOuMjQwNQAAAACGFyl3;sectionid=321330551;kvsecure%2Ddarla=4%2D8%2D0%7Cysd%7C1;kvsecure=true;kvrs=pt:utility:ver:site:lu:pct:ydotcom:finance:0:qsp;kvssp=ssp;kvmn=y405551;kvticker=eth%2Dusd;kvy%2Dbucket=us%2Dfin%2Ddesktop%2Dxray%2Dmultiwatchlist%2D2%2Cjrvxp%2Dfin%5Fxgb%5Fexp1%2Cfd%2Dscrn%2Dctrl;kvpgcolo=sg3;kvadtc%5Fdvmktname=unknown;kvadtc%5Fdvosplt=windows%5F10;kvadtc%5Fdvbrand=mozilla;kvadtc%5Fdvtype=desktop;kvadtc%5Fdvmodel=firefox%5F%2D%5Fwindows;kvrepo%5Fdvosplt=windows%5F10;kvadtc%5Fdvosversion=NT%2010%2E0;kvadtc%5Fcrmcc=UNKNOWN;kvadtc%5Fcrmnc=UNKNOWN;gdpr=0;&zMoatSize=170&zMoatSubNetID=1&zMoatisSelected=0&zMoatadServer=sg.as.y.atwola.com&zMoatadVisServer=&zMoatSamplingRate=5&zMoatliveTestCookie=&zMoatRefSeqId=5SAAKEBDKJA&zMoatImpRefTs=1621850620&zMoatAlias=y405551&zMoatVert=&zMoatBannerInfo=490284548, line 265: Failed to create WebGL context: WebGL creation failed: 
* Can't use WebGL in headless mode (https://bugzil.la/1375585).
JavaScript warning: https://pagead2.googlesyndication.com/bg/iqM-SLf9DiRkdYr6mfBBlocjM-gQZqw7kKSrrObPMLw.js line 1 > eval line 2261 > eval, line 1: Failed to create WebGL context: WebGL creation failed: 
* Can't use WebGL in headless mode (https://bugzil.la/1375585).
1621850626487	Marionette	INFO	Stopped listening on port 51746
JavaScript warning: https://s.yimg.com/ix/talon-1.0.31.js, line 1: Failed to create WebGL context: WebGL creation failed: 
* Can't use WebGL in headless mode (https://bugzil.la/1375585).
JavaScript warning: https://s.yimg.com/ix/talon-1.0.31.js, line 1: Failed to create WebGL context: WebGL creation failed: 
* Can't use WebGL in headless mode (https://bugzil.la/1375585).
JavaScript error: , line 0: TypeError: ServiceWorker script at https://finance.yahoo.com/_service-worker.js for scope https://finance.yahoo.com/ encountered an error during installation.
1621850627221	geckodriver	INFO	Listening on 127.0.0.1:52006
1621850630239	mozrunner::runner	INFO	Running command: "C:\\Program Files\\Mozilla Firefox\\firefox.exe" "--marionette" "-headless" "-foreground" "-no-remote" "-profile" "C:\\Users\\Game\\AppData\\Local\\Temp\\rust_mozprofileUtGBhn"
*** You are running in headless mode.
1621850630611	Marionette	INFO	Marionette enabled
console.warn: SearchSettings: "get: No settings file exists, new profile?" (new Error("", "(unknown module)"))
1621850631887	Marionette	INFO	Listening on port 52067
1621850632261	Marionette	WARN	TLS certificate errors will be ignored for this session
1621850637355	Marionette	WARN	Ignoring event 'DOMContentLoaded' because document has an invalid readyState of 'complete'.
1621850637559	Marionette	INFO	Stopped listening on port 52067
JavaScript error: chrome://global/content/elements/browser-custom-element.js, line 1709: NotFoundError: No such JSWindowActor 'MarionetteEvents'
JavaScript error: , line 0: InvalidStateError: An attempt was made to use an object that is not, or is no longer, usable
JavaScript error: resource://gre/modules/Sqlite.jsm, line 1030: Error: Sqlite.jsm has been shutdown. Cannot open connection to: C:\Users\Game\AppData\Local\Temp\rust_mozprofileUtGBhn\protections.sqlite
1631293606307	geckodriver	INFO	Listening on 127.0.0.1:53817
1631293609322	mozrunner::runner	INFO	Running command: "C:\\Program Files\\Mozilla Firefox\\firefox.exe" "--marionette" "-headless" "-foreground" "-no-remote" "-profile" "C:\\Users\\Game\\AppData\\Local\\Temp\\rust_mozprofileX2DNan"
*** You are running in headless mode.
1631293609708	Marionette	INFO	Marionette enabled
console.warn: SearchSettings: "get: No settings file exists, new profile?" (new NotFoundError("Could not open the file at C:\\Users\\Game\\AppData\\Local\\Temp\\rust_mozprofileX2DNan\\search.json.mozlz4", (void 0)))
1631293610780	Marionette	INFO	Listening on port 53828
1631293610874	Marionette	WARN	TLS certificate errors will be ignored for this session
JavaScript error: resource://gre/modules/XULStore.jsm, line 66: Error: Can't find profile directory.
JavaScript error: resource://gre/modules/XULStore.jsm, line 66: Error: Can't find profile directory.
1631293612711	Marionette	INFO	Stopped listening on port 53828
1631293613298	geckodriver	INFO	Listening on 127.0.0.1:53881
1631293616311	mozrunner::runner	INFO	Running command: "C:\\Program Files\\Mozilla Firefox\\firefox.exe" "--marionette" "-headless" "-foreground" "-no-remote" "-profile" "C:\\Users\\Game\\AppData\\Local\\Temp\\rust_mozprofilev8ZB2r"
*** You are running in headless mode.
1631293616651	Marionette	INFO	Marionette enabled
console.warn: SearchSettings: "get: No settings file exists, new profile?" (new NotFoundError("Could not open the file at C:\\Users\\Game\\AppData\\Local\\Temp\\rust_mozprofilev8ZB2r\\search.json.mozlz4", (void 0)))
1631293617688	Marionette	INFO	Listening on port 53894
1631293617837	Marionette	WARN	TLS certificate errors will be ignored for this session
JavaScript warning: https://yep.video.yahoo.com/oath/js/1/oath-player.js, line 4: Failed to create WebGL context: WebGL creation failed: 
* Can't use WebGL in headless mode (https://bugzil.la/1375585). ()
JavaScript warning: https://yep.video.yahoo.com/oath/js/1/oath-player.js, line 4: Failed to create WebGL context: WebGL creation failed: 
* Can't use WebGL in headless mode (https://bugzil.la/1375585). ()
JavaScript warning: https://pagead2.googlesyndication.com/bg/HnbG7550cEFPwEcIWrjaIv4px_gX-25lqkC2fOkJQZY.js line 1 > eval line 3987 > eval line 1 > eval, line 1: Failed to create WebGL context: WebGL creation failed: 
* Can't use WebGL in headless mode (https://bugzil.la/1375585). ()
JavaScript error: https://ads.pubmatic.com/AdServer/js/user_sync.html?p=156107&s=176446&predirect=https%3A%2F%2Fpr-bh.ybp.yahoo.com%2Fsync%2Fpubmatic%2F, line 1: ReferenceError: CommonMeta is not defined
JavaScript warning: https://pagead2.googlesyndication.com/bg/HnbG7550cEFPwEcIWrjaIv4px_gX-25lqkC2fOkJQZY.js line 1 > eval line 484 > eval line 1 > eval, line 1: Failed to create WebGL context: WebGL creation failed: 
* Can't use WebGL in headless mode (https://bugzil.la/1375585). ()
1631293623068	Marionette	INFO	Stopped listening on port 53894
JavaScript error: , line 0: TypeError: ServiceWorker script at https://finance.yahoo.com/_service-worker.js for scope https://finance.yahoo.com/ encountered an error during installation.
JavaScript error: , line 0: TypeError: NetworkError when attempting to fetch resource.

###!!! [Child][RunMessage] Error: Channel closing: too late to send/recv, messages will be lost


###!!! [Child][RunMessage] Error: Channel closing: too late to send/recv, messages will be lost


###!!! [Child][RunMessage] Error: Channel closing: too late to send/recv, messages will be lost


###!!! [Child][RunMessage] Error: Channel closing: too late to send/recv, messages will be lost


###!!! [Child][RunMessage] Error: Channel closing: too late to send/recv, messages will be lost


###!!! [Child][RunMessage] Error: Channel closing: too late to send/recv, messages will be lost


###!!! [Child][RunMessage] Error: Channel closing: too late to send/recv, messages will be lost


###!!! [Child][RunMessage] Error: Channel closing: too late to send/recv, messages will be lost


###!!! [Child][RunMessage] Error: Channel closing: too late to send/recv, messages will be lost


###!!! [Child][RunMessage] Error: Channel closing: too late to send/recv, messages will be lost


###!!! [Child][RunMessage] Error: Channel closing: too late to send/recv, messages will be lost


###!!! [Child][RunMessage] Error: Channel closing: too late to send/recv, messages will be lost


###!!! [Child][RunMessage] Error: Channel closing: too late to send/recv, messages will be lost


###!!! [Child][RunMessage] Error: Channel closing: too late to send/recv, messages will be lost


###!!! [Child][RunMessage] Error: Channel closing: too late to send/recv, messages will be lost


###!!! [Child][RunMessage] Error: Channel closing: too late to send/recv, messages will be lost


###!!! [Child][RunMessage] Error: Channel closing: too late to send/recv, messages will be lost


###!!! [Child][RunMessage] Error: Channel closing: too late to send/recv, messages will be lost


###!!! [Child][RunMessage] Error: Channel closing: too late to send/recv, messages will be lost


###!!! [Child][RunMessage] Error: Channel closing: too late to send/recv, messages will be lost


###!!! [Child][RunMessage] Error: Channel closing: too late to send/recv, messages will be lost


###!!! [Child][MessageChannel] Error: (msgtype=0x5A0009,name=PHttpChannel::Msg_DeletingChannel) Channel closing: too late to send/recv, messages will be lost


###!!! [Child][RunMessage] Error: Channel closing: too late to send/recv, messages will be lost


###!!! [Child][MessageChannel] Error: (msgtype=0x5A0009,name=PHttpChannel::Msg_DeletingChannel) Channel closing: too late to send/recv, messages will be lost


###!!! [Child][RunMessage] Error: Channel closing: too late to send/recv, messages will be lost


###!!! [Child][MessageChannel] Error: (msgtype=0x5A0009,name=PHttpChannel::Msg_DeletingChannel) Channel closing: too late to send/recv, messages will be lost


###!!! [Child][MessageChannel] Error: (msgtype=0x5A0009,name=PHttpChannel::Msg_DeletingChannel) Channel closing: too late to send/recv, messages will be lost

1631293623946	geckodriver	INFO	Listening on 127.0.0.1:54152
1631293626958	mozrunner::runner	INFO	Running command: "C:\\Program Files\\Mozilla Firefox\\firefox.exe" "--marionette" "-headless" "-foreground" "-no-remote" "-profile" "C:\\Users\\Game\\AppData\\Local\\Temp\\rust_mozprofileKWXbFt"
*** You are running in headless mode.
1631293627300	Marionette	INFO	Marionette enabled
console.warn: SearchSettings: "get: No settings file exists, new profile?" (new NotFoundError("Could not open the file at C:\\Users\\Game\\AppData\\Local\\Temp\\rust_mozprofileKWXbFt\\search.json.mozlz4", (void 0)))
1631293628332	Marionette	INFO	Listening on port 54163
1631293628477	Marionette	WARN	TLS certificate errors will be ignored for this session
JavaScript warning: https://pagead2.googlesyndication.com/bg/HnbG7550cEFPwEcIWrjaIv4px_gX-25lqkC2fOkJQZY.js line 1 > eval line 3854 > eval, line 1: Failed to create WebGL context: WebGL creation failed: 
* Can't use WebGL in headless mode (https://bugzil.la/1375585). ()
1631293633213	Marionette	INFO	Stopped listening on port 54163
JavaScript error: , line 0: TypeError: NetworkError when attempting to fetch resource.
JavaScript error: , line 0: TypeError: NetworkError when attempting to fetch resource.
JavaScript error: , line 0: TypeError: ServiceWorker script at https://finance.yahoo.com/_service-worker.js for scope https://finance.yahoo.com/ encountered an error during installation.
JavaScript error: resource://gre/modules/Sqlite.jsm, line 1030: Error: Sqlite.jsm has been shutdown. Cannot open connection to: C:\Users\Game\AppData\Local\Temp\rust_mozprofileKWXbFt\protections.sqlite
1631293634019	geckodriver	INFO	Listening on 127.0.0.1:54344
1631293637029	mozrunner::runner	INFO	Running command: "C:\\Program Files\\Mozilla Firefox\\firefox.exe" "--marionette" "-headless" "-foreground" "-no-remote" "-profile" "C:\\Users\\Game\\AppData\\Local\\Temp\\rust_mozprofilezdSmFG"
*** You are running in headless mode.
1631293637374	Marionette	INFO	Marionette enabled
console.warn: SearchSettings: "get: No settings file exists, new profile?" (new NotFoundError("Could not open the file at C:\\Users\\Game\\AppData\\Local\\Temp\\rust_mozprofilezdSmFG\\search.json.mozlz4", (void 0)))
1631293638442	Marionette	INFO	Listening on port 54359
1631293638550	Marionette	WARN	TLS certificate errors will be ignored for this session
JavaScript error: resource://gre/modules/XULStore.jsm, line 66: Error: Can't find profile directory.
JavaScript error: resource://gre/modules/XULStore.jsm, line 66: Error: Can't find profile directory.
1631293639352	Marionette	INFO	Stopped listening on port 54359
1631293639906	geckodriver	INFO	Listening on 127.0.0.1:54394
1631293642938	mozrunner::runner	INFO	Running command: "C:\\Program Files\\Mozilla Firefox\\firefox.exe" "--marionette" "-headless" "-foreground" "-no-remote" "-profile" "C:\\Users\\Game\\AppData\\Local\\Temp\\rust_mozprofilea2ONs2"
*** You are running in headless mode.
1631293643299	Marionette	INFO	Marionette enabled
console.warn: SearchSettings: "get: No settings file exists, new profile?" (new NotFoundError("Could not open the file at C:\\Users\\Game\\AppData\\Local\\Temp\\rust_mozprofilea2ONs2\\search.json.mozlz4", (void 0)))
1631293644428	Marionette	INFO	Listening on port 54407
1631293644460	Marionette	WARN	TLS certificate errors will be ignored for this session
JavaScript warning: https://yep.video.yahoo.com/oath/js/1/oath-player.js, line 4: Failed to create WebGL context: WebGL creation failed: 
* Can't use WebGL in headless mode (https://bugzil.la/1375585). ()
JavaScript warning: https://yep.video.yahoo.com/oath/js/1/oath-player.js, line 4: Failed to create WebGL context: WebGL creation failed: 
* Can't use WebGL in headless mode (https://bugzil.la/1375585). ()
1631293648916	Marionette	INFO	Stopped listening on port 54407
[Parent 12312, IPC I/O Parent] WARNING: file /builds/worker/checkouts/gecko/ipc/chromium/src/base/process_util_win.cc:167
JavaScript error: , line 0: TypeError: NetworkError when attempting to fetch resource.
JavaScript error: , line 0: TypeError: NetworkError when attempting to fetch resource.
1631293649753	geckodriver	INFO	Listening on 127.0.0.1:54606
1631293652764	mozrunner::runner	INFO	Running command: "C:\\Program Files\\Mozilla Firefox\\firefox.exe" "--marionette" "-headless" "-foreground" "-no-remote" "-profile" "C:\\Users\\Game\\AppData\\Local\\Temp\\rust_mozprofileWW2lX9"
*** You are running in headless mode.
1631293653114	Marionette	INFO	Marionette enabled
console.warn: SearchSettings: "get: No settings file exists, new profile?" (new NotFoundError("Could not open the file at C:\\Users\\Game\\AppData\\Local\\Temp\\rust_mozprofileWW2lX9\\search.json.mozlz4", (void 0)))
1631293654165	Marionette	INFO	Listening on port 54617
1631293654282	Marionette	WARN	TLS certificate errors will be ignored for this session
1631293658622	Marionette	INFO	Stopped listening on port 54617
JavaScript error: , line 0: InvalidStateError: An attempt was made to use an object that is not, or is no longer, usable
JavaScript error: , line 0: TypeError: NetworkError when attempting to fetch resource.
JavaScript error: , line 0: TypeError: NetworkError when attempting to fetch resource.
JavaScript error: resource://gre/modules/Sqlite.jsm, line 1030: Error: Sqlite.jsm has been shutdown. Cannot open connection to: C:\Users\Game\AppData\Local\Temp\rust_mozprofileWW2lX9\protections.sqlite
